<?xml version="1.0" encoding="UTF-8"?>
<testsuite name="com.telran.addressbook.test.CreateContactTest" tests="1" skipped="0" failures="0" errors="0" timestamp="2018-05-28T19:16:22" hostname="DESKTOP-644IL41" time="27.219">
  <properties/>
  <testcase name="testCreateContact" classname="com.telran.addressbook.test.CreateContactTest" time="27.219"/>
  <system-out><![CDATA[]]></system-out>
  <system-err><![CDATA[]]></system-err>
</testsuite>
