<?xml version="1.0" encoding="UTF-8"?>
<testsuite name="com.telran.addressbook.test.EditContactTest" tests="1" skipped="0" failures="0" errors="0" timestamp="2018-05-28T19:16:49" hostname="DESKTOP-644IL41" time="0.999">
  <properties/>
  <testcase name="testEditContact" classname="com.telran.addressbook.test.EditContactTest" time="0.999"/>
  <system-out><![CDATA[]]></system-out>
  <system-err><![CDATA[]]></system-err>
</testsuite>
